@storybook/core v8.5.8

info => Cleaning outputDir: ../../../../../var/folders/vr/rc87wqhd64v3yxg296zzvhwc0000gn/T/chromatic--75922-f0b06yuTyi0m
info => Loading presets
info => Building manager..
WARN unable to find package.json for @chromatic-com/shared-e2e
WARN unable to find package.json for @rrweb/types
WARN unable to find package.json for @storybook/types
WARN unable to find package.json for express
info => Manager built ([38;2;181;126;229m72 ms[39m)
info => Building preview..
info Addon-docs: using MDX3
info => Using implicit CSS loaders
info => Using default Webpack5 setup
info => Copying static files: test-results/chromatic-archives/archive at ../../../../../var/folders/vr/rc87wqhd64v3yxg296zzvhwc0000gn/T/chromatic--75922-f0b06yuTyi0m
WARN asset size limit: The following asset(s) exceed the recommended size limit (244 KiB).
WARN This can impact web performance.
WARN Assets: 
WARN   73.a7b9bd1f.iframe.bundle.js (1.35 MiB)
info => Preview built ([38;2;181;126;229m2.63 s[39m)
info => Output directory: /var/folders/vr/rc87wqhd64v3yxg296zzvhwc0000gn/T/chromatic--75922-f0b06yuTyi0m
