
> @adobe/aem-boilerplate@1.3.0 build-storybook
> storybook build --output-dir=/var/folders/vr/rc87wqhd64v3yxg296zzvhwc0000gn/T/chromatic--73904-8YlwbA4Tf47y

storybook v9.1.17

info => Cleaning outputDir: ../../../../../var/folders/vr/rc87wqhd64v3yxg296zzvhwc0000gn/T/chromatic--73904-8YlwbA4Tf47y
info => Loading presets
info => Building manager..
info => Building preview..
vite v7.3.1 building client environment for production...
transforming...
info => Copying static files: icons at ../../../../../var/folders/vr/rc87wqhd64v3yxg296zzvhwc0000gn/T/chromatic--73904-8YlwbA4Tf47y
info => Copying static files: fonts at ../../../../../var/folders/vr/rc87wqhd64v3yxg296zzvhwc0000gn/T/chromatic--73904-8YlwbA4Tf47y
✓ 182 modules transformed.
rendering chunks...
computing gzip size...
../../../../../var/folders/vr/rc87wqhd64v3yxg296zzvhwc0000gn/T/chromatic--73904-8YlwbA4Tf47y/iframe.html                                     18.40 kB │ gzip:   5.16 kB
../../../../../var/folders/vr/rc87wqhd64v3yxg296zzvhwc0000gn/T/chromatic--73904-8YlwbA4Tf47y/assets/card-image-BoGPceuw.png                 284.44 kB
../../../../../var/folders/vr/rc87wqhd64v3yxg296zzvhwc0000gn/T/chromatic--73904-8YlwbA4Tf47y/assets/hero-background-CK_YFn-k.png            550.34 kB
../../../../../var/folders/vr/rc87wqhd64v3yxg296zzvhwc0000gn/T/chromatic--73904-8YlwbA4Tf47y/assets/section-metadata-BT0yoNG0.css             0.03 kB │ gzip:   0.05 kB
../../../../../var/folders/vr/rc87wqhd64v3yxg296zzvhwc0000gn/T/chromatic--73904-8YlwbA4Tf47y/assets/code-gscscOSN.css                         0.37 kB │ gzip:   0.24 kB
../../../../../var/folders/vr/rc87wqhd64v3yxg296zzvhwc0000gn/T/chromatic--73904-8YlwbA4Tf47y/assets/columns-Dm_o1Qoj.css                      0.50 kB │ gzip:   0.26 kB
../../../../../var/folders/vr/rc87wqhd64v3yxg296zzvhwc0000gn/T/chromatic--73904-8YlwbA4Tf47y/assets/table-Cqs_7dJx.css                        0.54 kB │ gzip:   0.26 kB
../../../../../var/folders/vr/rc87wqhd64v3yxg296zzvhwc0000gn/T/chromatic--73904-8YlwbA4Tf47y/assets/embed-Dpt3ntpC.css                        0.60 kB │ gzip:   0.39 kB
../../../../../var/folders/vr/rc87wqhd64v3yxg296zzvhwc0000gn/T/chromatic--73904-8YlwbA4Tf47y/assets/quote-BJtiaOSY.css                        0.65 kB │ gzip:   0.34 kB
../../../../../var/folders/vr/rc87wqhd64v3yxg296zzvhwc0000gn/T/chromatic--73904-8YlwbA4Tf47y/assets/breadcrumb-gxM-X1F5.css                   1.03 kB │ gzip:   0.43 kB
../../../../../var/folders/vr/rc87wqhd64v3yxg296zzvhwc0000gn/T/chromatic--73904-8YlwbA4Tf47y/assets/cards-CAObBcVz.css                        1.74 kB │ gzip:   0.67 kB
../../../../../var/folders/vr/rc87wqhd64v3yxg296zzvhwc0000gn/T/chromatic--73904-8YlwbA4Tf47y/assets/tabs-Cq3s0s1v.css                         1.78 kB │ gzip:   0.69 kB
../../../../../var/folders/vr/rc87wqhd64v3yxg296zzvhwc0000gn/T/chromatic--73904-8YlwbA4Tf47y/assets/search-r6xNDND3.css                       2.03 kB │ gzip:   0.84 kB
../../../../../var/folders/vr/rc87wqhd64v3yxg296zzvhwc0000gn/T/chromatic--73904-8YlwbA4Tf47y/assets/hero-BbkVGLUR.css                         2.18 kB │ gzip:   0.74 kB
../../../../../var/folders/vr/rc87wqhd64v3yxg296zzvhwc0000gn/T/chromatic--73904-8YlwbA4Tf47y/assets/accordion-CFLEeP9s.css                    2.19 kB │ gzip:   0.85 kB
../../../../../var/folders/vr/rc87wqhd64v3yxg296zzvhwc0000gn/T/chromatic--73904-8YlwbA4Tf47y/assets/carousel-5kgAJCGP.css                     2.80 kB │ gzip:   0.95 kB
../../../../../var/folders/vr/rc87wqhd64v3yxg296zzvhwc0000gn/T/chromatic--73904-8YlwbA4Tf47y/assets/iframe-BY2xU56a.css                      21.17 kB │ gzip:   3.61 kB
../../../../../var/folders/vr/rc87wqhd64v3yxg296zzvhwc0000gn/T/chromatic--73904-8YlwbA4Tf47y/assets/_commonjsHelpers-CqkleIqs.js              0.12 kB │ gzip:   0.13 kB
../../../../../var/folders/vr/rc87wqhd64v3yxg296zzvhwc0000gn/T/chromatic--73904-8YlwbA4Tf47y/assets/index-BBI-q2Xo.js                         0.54 kB │ gzip:   0.35 kB
../../../../../var/folders/vr/rc87wqhd64v3yxg296zzvhwc0000gn/T/chromatic--73904-8YlwbA4Tf47y/assets/preload-helper-PPVm8Dsz.js                1.23 kB │ gzip:   0.72 kB
../../../../../var/folders/vr/rc87wqhd64v3yxg296zzvhwc0000gn/T/chromatic--73904-8YlwbA4Tf47y/assets/code.stories-CcIwM-YD.js                  1.24 kB │ gzip:   0.62 kB
../../../../../var/folders/vr/rc87wqhd64v3yxg296zzvhwc0000gn/T/chromatic--73904-8YlwbA4Tf47y/assets/embed.stories-BohZNR_4.js                 1.32 kB │ gzip:   0.63 kB
../../../../../var/folders/vr/rc87wqhd64v3yxg296zzvhwc0000gn/T/chromatic--73904-8YlwbA4Tf47y/assets/search.stories-DZb5bQVz.js                1.62 kB │ gzip:   0.71 kB
../../../../../var/folders/vr/rc87wqhd64v3yxg296zzvhwc0000gn/T/chromatic--73904-8YlwbA4Tf47y/assets/section-metadata.stories-CoovvCjY.js      1.65 kB │ gzip:   0.77 kB
../../../../../var/folders/vr/rc87wqhd64v3yxg296zzvhwc0000gn/T/chromatic--73904-8YlwbA4Tf47y/assets/breadcrumb.stories-CIYojPPT.js            1.77 kB │ gzip:   0.77 kB
../../../../../var/folders/vr/rc87wqhd64v3yxg296zzvhwc0000gn/T/chromatic--73904-8YlwbA4Tf47y/assets/quote.stories-BU_l70Po.js                 1.91 kB │ gzip:   0.76 kB
../../../../../var/folders/vr/rc87wqhd64v3yxg296zzvhwc0000gn/T/chromatic--73904-8YlwbA4Tf47y/assets/hero.stories-p0HKfeOF.js                  2.56 kB │ gzip:   1.06 kB
../../../../../var/folders/vr/rc87wqhd64v3yxg296zzvhwc0000gn/T/chromatic--73904-8YlwbA4Tf47y/assets/table.stories-CkTX_Tow.js                 3.08 kB │ gzip:   0.87 kB
../../../../../var/folders/vr/rc87wqhd64v3yxg296zzvhwc0000gn/T/chromatic--73904-8YlwbA4Tf47y/assets/tabs.stories-CwJTSW0n.js                  3.44 kB │ gzip:   1.23 kB
../../../../../var/folders/vr/rc87wqhd64v3yxg296zzvhwc0000gn/T/chromatic--73904-8YlwbA4Tf47y/assets/columns.stories-C0neLBG4.js               4.19 kB │ gzip:   1.02 kB
../../../../../var/folders/vr/rc87wqhd64v3yxg296zzvhwc0000gn/T/chromatic--73904-8YlwbA4Tf47y/assets/carousel.stories-CAkuheWv.js              6.73 kB │ gzip:   1.84 kB
../../../../../var/folders/vr/rc87wqhd64v3yxg296zzvhwc0000gn/T/chromatic--73904-8YlwbA4Tf47y/assets/cards.stories-C10mnxhf.js                 7.90 kB │ gzip:   2.93 kB
../../../../../var/folders/vr/rc87wqhd64v3yxg296zzvhwc0000gn/T/chromatic--73904-8YlwbA4Tf47y/assets/accordion.stories-C4AVc_Yo.js             8.27 kB │ gzip:   2.43 kB
../../../../../var/folders/vr/rc87wqhd64v3yxg296zzvhwc0000gn/T/chromatic--73904-8YlwbA4Tf47y/vite-inject-mocker-entry.js                     28.30 kB │ gzip:   9.78 kB
../../../../../var/folders/vr/rc87wqhd64v3yxg296zzvhwc0000gn/T/chromatic--73904-8YlwbA4Tf47y/assets/Color-AVL7NMMY-MdzHGK0S.js               29.18 kB │ gzip:  10.91 kB
../../../../../var/folders/vr/rc87wqhd64v3yxg296zzvhwc0000gn/T/chromatic--73904-8YlwbA4Tf47y/assets/matchers-7Z3WT2CE-Dw4MQV_s.js            29.66 kB │ gzip:  10.23 kB
../../../../../var/folders/vr/rc87wqhd64v3yxg296zzvhwc0000gn/T/chromatic--73904-8YlwbA4Tf47y/assets/axe-rC29-hJ9.js                         579.42 kB │ gzip: 159.12 kB
../../../../../var/folders/vr/rc87wqhd64v3yxg296zzvhwc0000gn/T/chromatic--73904-8YlwbA4Tf47y/assets/DocsRenderer-PQXLIZUC-DFALW6l3.js       855.76 kB │ gzip: 276.89 kB
../../../../../var/folders/vr/rc87wqhd64v3yxg296zzvhwc0000gn/T/chromatic--73904-8YlwbA4Tf47y/assets/iframe-CHC9vj1_.js                    1,170.25 kB │ gzip: 332.27 kB
✓ built in 2.17s
info => Output directory: /var/folders/vr/rc87wqhd64v3yxg296zzvhwc0000gn/T/chromatic--73904-8YlwbA4Tf47y
