
Chromatic CLI v13.3.5
https://www.chromatic.com/docs/cli

Authenticating with Chromatic
    → Connecting to https://index.chromatic.com
Authenticated with Chromatic
    → Using project token '****************73a6'
Retrieving git information
Retrieved git information
    → Commit 'b3dddd6' on branch 'main'; found 1 parent build
Collecting Storybook metadata
Collected Storybook metadata
    → ; using the @storybook/builder-vite builder (undefined); no supported addons found
Initializing build
Initialized build
    → Build 40 initialized
Prepare your built Storybook
    → Validating Storybook files
Prepare your built Storybook
    → Calculating file hashes
Preparation complete
    → Storybook files validated and prepared for upload
Publishing your built Storybook
    → Starting publish
    → [====================] 100%
Publishing your built Storybook
    → Finalizing upload
Publish complete in 2 seconds
    → Uploaded 1 file (1.06 kB), skipped 65 files
Verifying your Storybook
    → This may take a few minutes
    → [*                   ]
✔ Storybook published
We found 13 components with 37 stories.
ℹ View your Storybook at https://6965e28bb8aed8fda40a26ff-ccqoajcawj.chromatic.com/
Started build 40
    → View build details at https://www.chromatic.com/build?appId=6965e28bb8aed8fda40a26ff&number=40
Running 74 tests
    → This may take a few minutes
    → [==                  ] 6/74  
    → [=====               ] 20/74  
    → [==========          ] 38/74  
    → [==============      ] 53/74  
    → [==================  ] 66/74  
    → [====================] 75/74  
✔ Build 40 passed!
No changes were found in this build.
ℹ View build details at https://www.chromatic.com/build?appId=6965e28bb8aed8fda40a26ff&number=40
Build 40 passed!
    → Tested 37 stories across 13 components; captured 74 snapshots in 1 minute 2 seconds
