
Chromatic CLI v13.3.5
https://www.chromatic.com/docs/cli

Authenticating with Chromatic
    → Connecting to https://index.chromatic.com
Authenticated with Chromatic
    → Using project token '****************b666'
Retrieving git information
Retrieved git information
    → Commit 'b3dddd6' on branch 'main'; found 1 parent build
Collecting test suite metadata
No viewlayer package listed in dependencies. Checking transitive dependencies.
Collected test suite metadata
    → Playwright for E2E
Initializing build
Initialized build
    → Build 39 initialized
Building your test suite
    → Running command: node /Users/dmurata/Documents/Dev/d2c/node_modules/@chromatic-com/playwright/dist/bin/build-archive-storybook.js --output-dir=/var/folders/vr/rc87wqhd64v3yxg296zzvhwc0000gn/T/chromatic--4489-xrQ1C7FBQqfJ
    → [*                   ]
Test suite built in 4 seconds
    → View build log at /Users/dmurata/Documents/Dev/d2c/build-archive.log
Prepare your built test suite
    → Validating test suite files
Prepare your built test suite
    → Calculating file hashes
Preparation complete
    → test suite files validated and prepared for upload
Publishing your built test suite
    → Starting publish
    → [==============      ] 72%
Publishing your built test suite
    → Finalizing upload
Publish complete in 2 seconds
    → Uploaded 4 files (21.56 kB), skipped 81 files
Verifying your test suite
    → This may take a few minutes
    → [*                   ]
✔ Test suite published
We found 4 tests.
ℹ View your test suite at https://6965e5a599d2e138b18b1840-odszvdxfcf.chromatic.com/
Started build 39
    → View build details at https://www.chromatic.com/build?appId=6965e5a599d2e138b18b1840&number=39
Running 4 tests
    → This may take a few minutes
    → [==========          ] 2/4  
✔ Build 39 passed!
No changes were found in this build.
ℹ View build details at https://www.chromatic.com/build?appId=6965e5a599d2e138b18b1840&number=39
Build 39 passed!
    → Tested 4 tests; captured 4 snapshots in 29 seconds
